[sites.google.com/site/ieeevcip2015/index.html]
[ssl.gstatic.com/sites/p/b9df9c/system/app/images/apple-touch-icon.png]
[backblue.gif]
[fade.gif]
[index.html]
[sites.google.com/site/ieeevcip2015/CSI/index.html]
[ssl.gstatic.com/sites/p/b9df9c/system/app/images/cleardot.gif]
[ssl.gstatic.com/sites/p/b9df9c/system/js/trog_edit__en.js]
[sites.google.com/site/ieeevcip2015/call-for-submissions.html]
[sites.google.com/site/ieeevcip2015/call-for-submissions/regular-papers.html]
[sites.google.com/site/ieeevcip2015/call-for-submissions/special-sessions.html]
[sites.google.com/site/ieeevcip2015/call-for-submissions/demos.html]
[sites.google.com/site/ieeevcip2015/call-for-submissions/tutorials.html]
[sites.google.com/site/ieeevcip2015/authors/author-guidelines.html]
[sites.google.com/site/ieeevcip2015/authors/paper-submission.html]
[sites.google.com/site/ieeevcip2015/website-builder.html]
[sites.google.com/site/ieeevcip2015/website-builder/about-singpaore.html]
[sites.google.com/site/ieeevcip2015/website-builder/travel-visa.html]
[sites.google.com/site/ieeevcip2015/website-builder/accomodation.html]
[sites.google.com/site/ieeevcip2015/program.html]
[sites.google.com/site/ieeevcip2015/registration.html]
[sites.google.com/site/ieeevcip2015/important-dates.html]
[sites.google.com/site/ieeevcip2015/Organizing-Committee.html]
[sites.google.com/site/ieeevcip2015/sponsors.html]
[sites.google.com/site/ieeevcip2015/contact-us.html]
[sites.google.com/site/ieeevcip2015/system/app/pages/recentChanges.html]
[sites.google.com/site/ieeevcip2015/system/app/pages/reportAbuse.html]
[ssl.gstatic.com/sites/p/b9df9c/system/js/jot_min_view__en.js]
[sites.google.com/site/ieeevcip2015/_/tz.1e.delayed]
[sites.google.com/site/ieeevcip2015/index.html]
[sites.google.com/site/ieeevcip2015/CSI/index.html]
[ssl.gstatic.com/sites/p/b9df9c/system/app/css/codemirror_css.css]
[ssl.gstatic.com/editor/bubble2_tr.gif]
[ssl.gstatic.com/sites/p/b9df9c/system/app/css/trogedit.css]
[sites.google.com/site/ieeevcip2015/_/rsrc/1425486098000/system/app/images/toolbar-check.gif]
[sites.google.com/site/ieeevcip2015/_/rsrc/1425486098000/system/app/images/icon-help-kennedy.png]
[sites.google.com/site/sites/system/app/images/icon_plusone.22.delayed]
[www.google.com/a/UniversalLogin.23c521.delayed]
[sites.google.com/site/sites/system/app/images/plusbadge.32.delayed]
[www.google.com/a/UniversalLogin.33263a.delayed]
[ssl.gstatic.com/images/icons/gplus-64.png]
[ssl.gstatic.com/images/icons/gplus-32.png]
[ssl.gstatic.com/images/icons/gplus-16.png]
[sites.google.com/site/ieeevcip2015/_/rsrc/1425486098000/system/app/css/editor.css]
[ssl.gstatic.com/sites/p/b9df9c/system/app/css/codeeditor.css]
[ssl.gstatic.com/ui/v1/menu/checkmark-partial.png]
[ssl.gstatic.com/sites/p/b9df9c/system/app/themes/ski/standard-css-ski-ltr-ltr.css]
[sites.google.com/site/ieeevcip2015/_/rsrc/1424164371138/config/VCIP2015Banner.jpg.1424164370969.jpg]
[sites.google.com/site/ieeevcip2015/_/rsrc/1425486098000/system/app/css/overlaya6d0.css]
[sites.google.com/site/ieeevcip2015/_/rsrc/1425486098000/system/app/images/camelot.png]
[sites.google.com/site/ieeevcip2015/_/rsrc/1425486098000/system/app/css/camelot/allthemes-view.css]
[sites.google.com/site/ieeevcip2015/home.html]
[sites.google.com/site/ieeevcip2015/call-for-submissions/regular-papers/VCIP2015CfPv1.3d6fb5.delayed]
[sites.google.com/site/ieeevcip2015/call-for-submissions.html]
[sites.google.com/site/ieeevcip2015/call-for-submissions/regular-papers.html]
[sites.google.com/site/ieeevcip2015/call-for-submissions/special-sessions.html]
[sites.google.com/site/ieeevcip2015/call-for-submissions/demos.html]
[sites.google.com/site/ieeevcip2015/call-for-submissions/tutorials.html]
[sites.google.com/site/ieeevcip2015/authors.html]
[sites.google.com/site/ieeevcip2015/authors/CSI/index.html]
[sites.google.com/site/ieeevcip2015/call-for-submissions/CSI/index.html]
[sites.google.com/site/ieeevcip2015/call-for-submissions/VCIP_PDF_Format.409a1b.delayed]
[sites.google.com/site/ieeevcip2015/call-for-submissions/VCIP_MSWord_Format.419a1b.delayed]
[sites.google.com/site/ieeevcip2015/call-for-submissions/VCIP_Latex_Format.429a1b.delayed]
[sites.google.com/site/ieeevcip2015/authors/author-guidelines.html]
[sites.google.com/site/ieeevcip2015/_/rsrc/1422353459051/authors/paper-submission/VCIP2015CMTLogin.jpg]
[sites.google.com/site/ieeevcip2015/authors/paper-submission.html]
[sites.google.com/site/ieeevcip2015/website-builder/NEC.446fb5.delayed]
[d398a46c-a-62cb3a1a-s-sites.googlegroups.com/site/ieeevcip2015/website-builder/NEC2d1c.jpg]
[sites.google.com/site/ieeevcip2015/_/rsrc/1421970458446/website-builder/NECf17c.jpg]
[sites.google.com/site/ieeevcip2015/website-builder/NEC2.476fb5.delayed]
[d398a46c-a-62cb3a1a-s-sites.googlegroups.com/site/ieeevcip2015/website-builder/NEC21de2.jpg]
[sites.google.com/site/ieeevcip2015/_/rsrc/1422269534935/website-builder/NEC2f17c.jpg]
[sites.google.com/site/ieeevcip2015/website-builder.html]
[sites.google.com/site/ieeevcip2015/website-builder/about-singpaore.html]
[sites.google.com/site/ieeevcip2015/website-builder/travel-visa.html]
[sites.google.com/site/ieeevcip2015/website-builder/accomodation.html]
[sites.google.com/site/ieeevcip2015/program.html]
[sites.google.com/site/ieeevcip2015/registration.html]
[sites.google.com/site/ieeevcip2015/important-dates.html]
[sites.google.com/site/ieeevcip2015/Organizing-Committee.html]
[sites.google.com/site/ieeevcip2015/sponsors/IEEECASLogo.4a6fb5.delayed]
[sites.google.com/site/ieeevcip2015/website-builder/CSI/index.html]
[d398a46c-a-62cb3a1a-s-sites.googlegroups.com/site/ieeevcip2015/sponsors/IEEECASLogo6681.jpg]
[sites.google.com/site/ieeevcip2015/_/rsrc/1421993870897/sponsors/IEEECASLogo51a7.jpg]
[sites.google.com/site/ieeevcip2015/sponsors/ieee_mb_blue.4d6fb5.delayed]
[d398a46c-a-62cb3a1a-s-sites.googlegroups.com/site/ieeevcip2015/sponsors/ieee_mb_blue0a24.jpg]
[sites.google.com/site/ieeevcip2015/_/rsrc/1421993921652/sponsors/ieee_mb_blue7fd6.jpg]
[sites.google.com/site/ieeevcip2015/sponsors/NTULogo.506fb5.delayed]
[d398a46c-a-62cb3a1a-s-sites.googlegroups.com/site/ieeevcip2015/sponsors/NTULogoee64.jpg]
[sites.google.com/site/ieeevcip2015/_/rsrc/1421993977263/sponsors/NTULogo98b6.jpg]
[sites.google.com/site/ieeevcip2015/sponsors.html]
[sites.google.com/site/ieeevcip2015/contact-us.html]
[sites.google.com/site/ieeevcip2015/activity.xml]
[sites.google.com/site/ieeevcip2015/system.html]
[sites.google.com/site/ieeevcip2015/system/app/pages/CSI/index.html]
[sites.google.com/site/ieeevcip2015/system/app.html]
[sites.google.com/site/ieeevcip2015/system/app/pages.html]
[sites.google.com/site/ieeevcip2015/system/app/pages/recentChanges.html]
[sites.google.com/site/ieeevcip2015/system/app/pages/recentChanges4c30.html]
[ssl.gstatic.com/sites/p/b9df9c/system/js/jot_min__en.js]
[sites.google.com/site/ieeevcip2015/system/app/pages/reportAbuse.html]
[sites.google.com/site/ieeevcip2015/_/tz.html]
[sites.google.com/site/ieeevcip2015/home.html]
[sites.google.com/site/ieeevcip2015/call-for-submissions/CSI/index.html]
[sites.google.com/site/ieeevcip2015/authors/CSI/index.html]
[sites.google.com/site/ieeevcip2015/authors.html]
[sites.google.com/site/ieeevcip2015/website-builder/CSI/index.html]
[sites.google.com/site/ieeevcip2015/system/app/pages/CSI/index.html]
[sites.google.com/site/ieeevcip2015/system.html]
[sites.google.com/site/ieeevcip2015/system/app.html]
[sites.google.com/site/ieeevcip2015/system/app/pages.html]
[sites.google.com/site/ieeevcip2015/call-for-submissions/VCIP_MSWord_Format.5b6fb5.delayed]
[sites.google.com/site/ieeevcip2015/call-for-submissions/VCIP_Latex_Format.5c6fb5.delayed]
[sites.google.com/site/ieeevcip2015/call-for-submissions/VCIP_PDF_Format.5d6fb5.delayed]
[sites.google.com/site/ieeevcip2015/system/app/pages/recentChangese164.html]
[sites.google.com/site/ieeevcip2015/system/app/pages/recentChanges4c30.html]
[sites.google.com/site/ieeevcip2015/system/app/pages/recentChangesf13c.html]
[sites.google.com/site/ieeevcip2015/_/rsrc/1425486098000/system/app/images/spinner.gif]
[sites.google.com/site/ieeevcip2015/_/rsrc/1425486098000/system/app/css/camelot/dashboard.css]
[sites.google.com/site/ieeevcip2015/_/rsrc/1425486098000/system/app/css/camelot/error.css]
[sites.google.com/site/ieeevcip2015/authors/paper-submission/VCIP2015CMTLogin.656fb5.delayed]
[d398a46c-a-62cb3a1a-s-sites.googlegroups.com/site/ieeevcip2015/authors/paper-submission/VCIP2015CMTLoginafcc.jpg]
[sites.google.com/site/ieeevcip2015/system/app/pages/recentChangese164.html]
[sites.google.com/site/ieeevcip2015/system/app/pages/recentChangesf13c.html]
[docs.google.com/images/env.html]
[sites.google.com/site/ieeevcip2015/system/app/pages/recentChanges79ee.html]
[sites.google.com/site/ieeevcip2015/system/errors/NodeNotFound2df6.html]
[sites.google.com/site/ieeevcip2015/committees.html]
[sites.google.com/site/ieeevcip2015/system/app/pages/recentChanges79ee.html]
[sites.google.com/site/ieeevcip2015/system/errors/NodeNotFound2df6.html]
[sites.google.com/site/ieeevcip2015/committees.html]
[sites.google.com/site/ieeevcip2015/system/app/pages/recentChanges1206.html]
[sites.google.com/site/ieeevcip2015/system/errors/CSI/index.html]
[sites.google.com/site/ieeevcip2015/system/app/pages/recentChanges1206.html]
[sites.google.com/site/ieeevcip2015/system/errors/CSI/index.html]
[sites.google.com/site/ieeevcip2015/system/app/pages/recentChanges0e37.html]
[sites.google.com/site/ieeevcip2015/system/app/pages/recentChanges0e37.html]
[sites.google.com/site/ieeevcip2015/system/app/pages/recentChangesbb6e.html]
[sites.google.com/site/ieeevcip2015/recent-vcips.html]
[sites.google.com/site/ieeevcip2015/system/app/pages/recentChangesbb6e.html]
[sites.google.com/site/ieeevcip2015/recent-vcips.html]
[sites.google.com/site/ieeevcip2015/system/app/pages/recentChanges7880.html]
[sites.google.com/site/ieeevcip2015/programs.html]
[sites.google.com/site/ieeevcip2015/system/app/pages/recentChanges7880.html]
[sites.google.com/site/ieeevcip2015/programs.html]
[sites.google.com/site/ieeevcip2015/system/app/pages/recentChanges1902.html]
[sites.google.com/site/ieeevcip2015/awards.html]
[sites.google.com/site/ieeevcip2015/system/app/pages/recentChanges1902.html]
[sites.google.com/site/ieeevcip2015/awards.html]
[sites.google.com/site/ieeevcip2015/system/app/pages/recentChangesbd62.html]
[sites.google.com/site/ieeevcip2015/system/errors/NodeNotFound0693.html]
[sites.google.com/site/ieeevcip2015/recent-past-vcips.html]
[sites.google.com/site/ieeevcip2015/config/pagetemplates/home/NTULogo0.766fb5.delayed]
[d398a46c-a-62cb3a1a-s-sites.googlegroups.com/site/ieeevcip2015/config/pagetemplates/home/NTULogo00c22.jpg]
[sites.google.com/site/ieeevcip2015/config/pagetemplates/home/IEEELogo0.786fb5.delayed]
[d398a46c-a-62cb3a1a-s-sites.googlegroups.com/site/ieeevcip2015/config/pagetemplates/home/IEEELogo02137.jpg]
[sites.google.com/site/ieeevcip2015/config/pagetemplates/home/CASLogo0.7a6fb5.delayed]
[d398a46c-a-62cb3a1a-s-sites.googlegroups.com/site/ieeevcip2015/config/pagetemplates/home/CASLogo0c26e.jpg]
[sites.google.com/site/ieeevcip2015/system/app/pages/recentChangesbd62.html]
[sites.google.com/site/ieeevcip2015/system/errors/NodeNotFound0693.html]
[sites.google.com/site/ieeevcip2015/recent-past-vcips.html]
[sites.google.com/site/ieeevcip2015/system/app/pages/recentChanges4e41.html]
[sites.google.com/site/ieeevcip2015/system/errors/NodeNotFounde856.html]
[sites.google.com/site/ieeevcip2015/system/errors/NodeNotFound4534.html]
[sites.google.com/site/ieeevcip2015/system/errors/NodeNotFounda31b.html]
[sites.google.com/site/ieeevcip2015/system/errors/NodeNotFound42e7.html]
[sites.google.com/site/ieeevcip2015/system/errors/NodeNotFounde520.html]
[sites.google.com/site/ieeevcip2015/system/errors/NodeNotFound0c2a.html]
[sites.google.com/site/ieeevcip2015/system/app/pages/recentChanges4e41.html]
[sites.google.com/site/ieeevcip2015/system/errors/NodeNotFounde856.html]
[sites.google.com/site/ieeevcip2015/system/errors/NodeNotFound4534.html]
[sites.google.com/site/ieeevcip2015/system/errors/NodeNotFounda31b.html]
[sites.google.com/site/ieeevcip2015/system/errors/NodeNotFound42e7.html]
[sites.google.com/site/ieeevcip2015/system/errors/NodeNotFounde520.html]
[sites.google.com/site/ieeevcip2015/system/errors/NodeNotFound0c2a.html]
[sites.google.com/site/ieeevcip2015/system/app/pages/recentChangesffc0.html]
[sites.google.com/site/ieeevcip2015/system/app/pages/recentChangesffc0.html]
[sites.google.com/site/ieeevcip2015/system/app/pages/recentChanges5585.html]
[sites.google.com/site/ieeevcip2015/system/app/pages/recentChanges5585.html]
